<?xml version="1.0" encoding="UTF-8"?>
<!-- Generated by org.testng.reporters.JUnitReportReporter -->
<testsuite hostname="DESKTOP-O8URALQ" name="DriveFactory.DriverScript" tests="1" failures="0" timestamp="6 Dec 2019 14:21:32 GMT" time="23.954" errors="0">
  <testcase name="startTest" time="23.954" classname="DriveFactory.DriverScript"/>
</testsuite> <!-- DriveFactory.DriverScript -->
