<?xml version="1.0" encoding="UTF-8"?>
<!-- Generated by org.testng.reporters.JUnitReportReporter -->
<testsuite hostname="DESKTOP-O8URALQ" name="DriveFactory.AppTest" tests="1" failures="0" timestamp="20 Dec 2019 04:58:17 GMT" time="23.825" errors="0">
  <testcase name="kickstart" time="23.825" classname="DriveFactory.AppTest"/>
</testsuite> <!-- DriveFactory.AppTest -->
